<?xml version="1.0" encoding="UTF-8"?>
<!-- Generated by org.testng.reporters.JUnitReportReporter -->
<testsuite hostname="SudPC" failures="0" tests="1" name="com.test.DemoTest" time="0.029" errors="0" timestamp="21 Feb 2023 14:38:13 GMT" skipped="0">
  <testcase classname="com.test.DemoTest" name="test1" time="0.029"/>
</testsuite> <!-- com.test.DemoTest -->
